<?xml version="1.0" encoding="UTF-8"?>
<!-- Generated by org.testng.reporters.JUnitReportReporter -->
<testsuite skipped="0" hostname="bridgeit-cd" name="bridgelabz.handlingopt.HashMap" tests="2" failures="0" timestamp="2019-12-10T10:31:43 IST" time="6.811" errors="0">
  <testcase name="fbLogin" time="4.093" classname="bridgelabz.handlingopt.HashMap"/>
  <testcase name="fbLogin" time="2.718" classname="bridgelabz.handlingopt.HashMap"/>
</testsuite> <!-- bridgelabz.handlingopt.HashMap -->
