<?xml version="1.0" encoding="UTF-8"?>
<!-- Generated by org.testng.reporters.JUnitReportReporter -->
<testsuite skipped="0" hostname="bridgeit-cd" name="bridgelabz.handlingopt.ScreenShot" tests="1" failures="0" timestamp="2019-12-10T15:42:13 IST" time="3.604" errors="0">
  <testcase name="screenshots" time="3.604" classname="bridgelabz.handlingopt.ScreenShot"/>
</testsuite> <!-- bridgelabz.handlingopt.ScreenShot -->
