<?xml version="1.0" encoding="UTF-8"?>
<!-- Generated by org.testng.reporters.JUnitReportReporter -->
<testsuite skipped="0" hostname="bridgeit-cd" name="bridgelabz.handlingopt.VideoRecorder" tests="1" failures="0" timestamp="2019-12-09T18:56:50 IST" time="25.210" errors="0">
  <testcase name="videoRecorder" time="25.210" classname="bridgelabz.handlingopt.VideoRecorder"/>
</testsuite> <!-- bridgelabz.handlingopt.VideoRecorder -->
