<?xml version="1.0" encoding="UTF-8"?>
<!-- Generated by org.testng.reporters.JUnitReportReporter -->
<testsuite skipped="0" hostname="bridgeit-cd" name="bridgelabz.testcases.RegistrationTestCases" tests="1" failures="0" timestamp="2019-12-09T16:48:46 IST" time="17.377" errors="0">
  <testcase name="testRegistration" time="17.377" classname="bridgelabz.testcases.RegistrationTestCases"/>
</testsuite> <!-- bridgelabz.testcases.RegistrationTestCases -->
