<?xml version="1.0" encoding="UTF-8"?>
<!-- Generated by org.testng.reporters.JUnitReportReporter -->
<testsuite skipped="0" hostname="bridgeit-cd" name="bridgelabz.handlingopt.ReadingPdf" tests="1" failures="0" timestamp="2019-12-10T09:25:56 IST" time="0.855" errors="0">
  <testcase name="readingPdf" time="0.855" classname="bridgelabz.handlingopt.ReadingPdf"/>
</testsuite> <!-- bridgelabz.handlingopt.ReadingPdf -->
