<?xml version="1.0" encoding="UTF-8"?>
<!-- Generated by org.testng.reporters.JUnitReportReporter -->
<testsuite hostname="bridgeit-cd" name="bridgelabz.ddl_xlxs.ReadFromXLXS" tests="1" failures="0" timestamp="5 Dec 2019 13:06:26 GMT" time="0.035" errors="0">
  <testcase name="reading" time="0.035" classname="bridgelabz.ddl_xlxs.ReadFromXLXS"/>
</testsuite> <!-- bridgelabz.ddl_xlxs.ReadFromXLXS -->
