<?xml version="1.0" encoding="UTF-8"?>
<!-- Generated by org.testng.reporters.JUnitReportReporter -->
<testsuite hostname="bridgeit-cd" name="com.bridgelabz.keyworddriven.testCases.TestCases" tests="1" failures="0" timestamp="7 Dec 2019 11:29:43 GMT" time="74.687" errors="0">
  <testcase name="logintest" time="74.687" classname="com.bridgelabz.keyworddriven.testCases.TestCases"/>
</testsuite> <!-- com.bridgelabz.keyworddriven.testCases.TestCases -->
