<?xml version="1.0" encoding="UTF-8"?>
<!-- Generated by org.testng.reporters.JUnitReportReporter -->
<testsuite skipped="0" hostname="bridgeit-cd" name="com.keyword.resource.ReadFromXLS" tests="1" failures="0" timestamp="2019-12-12T11:49:21 IST" time="24.446" errors="0">
  <testcase name="main" time="24.446" classname="com.keyword.resource.ReadFromXLS"/>
</testsuite> <!-- com.keyword.resource.ReadFromXLS -->
