<?xml version="1.0" encoding="UTF-8"?>
<!-- Generated by org.testng.reporters.JUnitReportReporter -->
<testsuite skipped="0" hostname="bridgeit-cd" name="bridgelabz.keyworddriven_framework.Restassured" tests="1" failures="0" timestamp="2019-12-11T10:01:38 IST" time="4.598" errors="0">
  <testcase name="testRegister" time="4.598" classname="bridgelabz.keyworddriven_framework.Restassured"/>
</testsuite> <!-- bridgelabz.keyworddriven_framework.Restassured -->
