<?xml version="1.0" encoding="UTF-8"?>
<!-- Generated by org.testng.reporters.JUnitReportReporter -->
<testsuite skipped="0" hostname="bridgeit-cd" name="bridgelabz.keyworddriven_framework.AppTest" tests="1" failures="0" timestamp="2019-12-11T10:32:07 IST" time="3.449" errors="0">
  <testcase name="testGetUsers" time="3.449" classname="bridgelabz.keyworddriven_framework.AppTest"/>
</testsuite> <!-- bridgelabz.keyworddriven_framework.AppTest -->
